2024-06-19 11:17:00 0 [Note] Starting MariaDB 10.4.32-MariaDB source revision c4143f909528e3fab0677a28631d10389354c491 as process 16112
2024-06-19 11:17:00 0 [Note] InnoDB: Mutexes and rw_locks use Windows interlocked functions
2024-06-19 11:17:00 0 [Note] InnoDB: Uses event mutexes
2024-06-19 11:17:00 0 [Note] InnoDB: Compressed tables use zlib 1.3
2024-06-19 11:17:00 0 [Note] InnoDB: Number of pools: 1
2024-06-19 11:17:00 0 [Note] InnoDB: Using SSE2 crc32 instructions
2024-06-19 11:17:00 0 [Note] InnoDB: Initializing buffer pool, total size = 16M, instances = 1, chunk size = 16M
2024-06-19 11:17:00 0 [Note] InnoDB: Completed initialization of buffer pool
2024-06-19 11:17:00 0 [Note] InnoDB: Starting crash recovery from checkpoint LSN=300288
2024-06-19 11:17:01 0 [Note] InnoDB: 128 out of 128 rollback segments are active.
2024-06-19 11:17:01 0 [Note] InnoDB: Removed temporary tablespace data file: "ibtmp1"
2024-06-19 11:17:01 0 [Note] InnoDB: Creating shared tablespace for temporary tables
2024-06-19 11:17:01 0 [Note] InnoDB: Setting file 'C:\xampp\mysql\data\ibtmp1' size to 12 MB. Physically writing the file full; Please wait ...
2024-06-19 11:17:01 0 [Note] InnoDB: File 'C:\xampp\mysql\data\ibtmp1' size is now 12 MB.
2024-06-19 11:17:01 0 [Note] InnoDB: Waiting for purge to start
2024-06-19 11:17:01 0 [Note] InnoDB: 10.4.32 started; log sequence number 300297; transaction id 170
2024-06-19 11:17:01 0 [Note] InnoDB: Loading buffer pool(s) from C:\xampp\mysql\data\ib_buffer_pool
2024-06-19 11:17:01 0 [Note] Plugin 'FEEDBACK' is disabled.
2024-06-19 11:17:01 0 [Note] InnoDB: Buffer pool(s) load completed at 240619 11:17:01
2024-06-19 11:17:01 0 [Note] Server socket created on IP: '::'.
2024-06-19 14:19:57 0 [Note] Starting MariaDB 10.4.32-MariaDB source revision c4143f909528e3fab0677a28631d10389354c491 as process 15760
2024-06-19 14:19:57 0 [Note] InnoDB: Mutexes and rw_locks use Windows interlocked functions
2024-06-19 14:19:57 0 [Note] InnoDB: Uses event mutexes
2024-06-19 14:19:57 0 [Note] InnoDB: Compressed tables use zlib 1.3
2024-06-19 14:19:57 0 [Note] InnoDB: Number of pools: 1
2024-06-19 14:19:57 0 [Note] InnoDB: Using SSE2 crc32 instructions
2024-06-19 14:19:57 0 [Note] InnoDB: Initializing buffer pool, total size = 16M, instances = 1, chunk size = 16M
2024-06-19 14:19:57 0 [Note] InnoDB: Completed initialization of buffer pool
2024-06-19 14:19:57 0 [Note] InnoDB: Starting crash recovery from checkpoint LSN=300306
2024-06-19 14:19:57 0 [Note] InnoDB: 128 out of 128 rollback segments are active.
2024-06-19 14:19:57 0 [Note] InnoDB: Removed temporary tablespace data file: "ibtmp1"
2024-06-19 14:19:57 0 [Note] InnoDB: Creating shared tablespace for temporary tables
2024-06-19 14:19:57 0 [Note] InnoDB: Setting file 'C:\xampp\mysql\data\ibtmp1' size to 12 MB. Physically writing the file full; Please wait ...
2024-06-19 14:19:57 0 [Note] InnoDB: File 'C:\xampp\mysql\data\ibtmp1' size is now 12 MB.
2024-06-19 14:19:57 0 [Note] InnoDB: Waiting for purge to start
2024-06-19 14:19:57 0 [Note] InnoDB: 10.4.32 started; log sequence number 300315; transaction id 170
2024-06-19 14:19:57 0 [Note] InnoDB: Loading buffer pool(s) from C:\xampp\mysql\data\ib_buffer_pool
2024-06-19 14:19:57 0 [Note] Plugin 'FEEDBACK' is disabled.
2024-06-19 14:19:57 0 [Note] InnoDB: Buffer pool(s) load completed at 240619 14:19:57
2024-06-19 14:19:57 0 [Note] Server socket created on IP: '::'.
2024-06-19 15:01:20 0 [Note] Starting MariaDB 10.4.32-MariaDB source revision c4143f909528e3fab0677a28631d10389354c491 as process 14680
2024-06-19 15:01:20 0 [ERROR] InnoDB: The innodb_system data file 'ibdata1' must be writable
2024-06-19 15:01:20 0 [ERROR] InnoDB: The innodb_system data file 'ibdata1' must be writable
2024-06-19 15:01:20 0 [ERROR] Plugin 'InnoDB' registration as a STORAGE ENGINE failed.
2024-06-19 15:01:20 0 [Note] Plugin 'FEEDBACK' is disabled.
2024-06-19 15:01:20 0 [ERROR] Unknown/unsupported storage engine: InnoDB
2024-06-19 15:01:20 0 [ERROR] Aborting
2024-06-19 15:14:38 0 [Note] Starting MariaDB 10.4.32-MariaDB source revision c4143f909528e3fab0677a28631d10389354c491 as process 17296
2024-06-19 15:14:38 0 [Note] InnoDB: Mutexes and rw_locks use Windows interlocked functions
2024-06-19 15:14:38 0 [Note] InnoDB: Uses event mutexes
2024-06-19 15:14:38 0 [Note] InnoDB: Compressed tables use zlib 1.3
2024-06-19 15:14:38 0 [Note] InnoDB: Number of pools: 1
2024-06-19 15:14:38 0 [Note] InnoDB: Using SSE2 crc32 instructions
2024-06-19 15:14:38 0 [Note] InnoDB: Initializing buffer pool, total size = 16M, instances = 1, chunk size = 16M
2024-06-19 15:14:38 0 [Note] InnoDB: Completed initialization of buffer pool
2024-06-19 15:14:38 0 [Note] InnoDB: Starting crash recovery from checkpoint LSN=300324
2024-06-19 15:14:39 0 [Note] InnoDB: 128 out of 128 rollback segments are active.
2024-06-19 15:14:39 0 [Note] InnoDB: Removed temporary tablespace data file: "ibtmp1"
2024-06-19 15:14:39 0 [Note] InnoDB: Creating shared tablespace for temporary tables
2024-06-19 15:14:39 0 [Note] InnoDB: Setting file 'C:\xampp\mysql\data\ibtmp1' size to 12 MB. Physically writing the file full; Please wait ...
2024-06-19 15:14:39 0 [Note] InnoDB: File 'C:\xampp\mysql\data\ibtmp1' size is now 12 MB.
2024-06-19 15:14:39 0 [Note] InnoDB: Waiting for purge to start
2024-06-19 15:14:39 0 [Note] InnoDB: 10.4.32 started; log sequence number 300333; transaction id 170
2024-06-19 15:14:39 0 [Note] InnoDB: Loading buffer pool(s) from C:\xampp\mysql\data\ib_buffer_pool
2024-06-19 15:14:39 0 [Note] Plugin 'FEEDBACK' is disabled.
2024-06-19 15:14:39 0 [Note] InnoDB: Buffer pool(s) load completed at 240619 15:14:39
2024-06-19 15:14:39 0 [Note] Server socket created on IP: '::'.
2024-06-20 10:53:19 0 [Note] Starting MariaDB 10.4.32-MariaDB source revision c4143f909528e3fab0677a28631d10389354c491 as process 12328
2024-06-20 10:53:19 0 [Note] InnoDB: Mutexes and rw_locks use Windows interlocked functions
2024-06-20 10:53:19 0 [Note] InnoDB: Uses event mutexes
2024-06-20 10:53:19 0 [Note] InnoDB: Compressed tables use zlib 1.3
2024-06-20 10:53:19 0 [Note] InnoDB: Number of pools: 1
2024-06-20 10:53:19 0 [Note] InnoDB: Using SSE2 crc32 instructions
2024-06-20 10:53:19 0 [Note] InnoDB: Initializing buffer pool, total size = 16M, instances = 1, chunk size = 16M
2024-06-20 10:53:19 0 [Note] InnoDB: Completed initialization of buffer pool
2024-06-20 10:53:19 0 [Note] InnoDB: Starting crash recovery from checkpoint LSN=300342
2024-06-20 10:53:19 0 [Note] InnoDB: 128 out of 128 rollback segments are active.
2024-06-20 10:53:19 0 [Note] InnoDB: Removed temporary tablespace data file: "ibtmp1"
2024-06-20 10:53:19 0 [Note] InnoDB: Creating shared tablespace for temporary tables
2024-06-20 10:53:19 0 [Note] InnoDB: Setting file 'C:\xampp\mysql\data\ibtmp1' size to 12 MB. Physically writing the file full; Please wait ...
2024-06-20 10:53:19 0 [Note] InnoDB: File 'C:\xampp\mysql\data\ibtmp1' size is now 12 MB.
2024-06-20 10:53:19 0 [Note] InnoDB: Waiting for purge to start
2024-06-20 10:53:19 0 [Note] InnoDB: 10.4.32 started; log sequence number 300351; transaction id 170
2024-06-20 10:53:19 0 [Note] InnoDB: Loading buffer pool(s) from C:\xampp\mysql\data\ib_buffer_pool
2024-06-20 10:53:19 0 [Note] Plugin 'FEEDBACK' is disabled.
2024-06-20 10:53:19 0 [Note] InnoDB: Buffer pool(s) load completed at 240620 10:53:19
2024-06-20 10:53:19 0 [Note] Server socket created on IP: '::'.
2024-06-20 11:22:10 0 [Note] Starting MariaDB 10.4.32-MariaDB source revision c4143f909528e3fab0677a28631d10389354c491 as process 18828
2024-06-20 11:22:10 0 [Note] InnoDB: Mutexes and rw_locks use Windows interlocked functions
2024-06-20 11:22:10 0 [Note] InnoDB: Uses event mutexes
2024-06-20 11:22:10 0 [Note] InnoDB: Compressed tables use zlib 1.3
2024-06-20 11:22:10 0 [Note] InnoDB: Number of pools: 1
2024-06-20 11:22:10 0 [Note] InnoDB: Using SSE2 crc32 instructions
2024-06-20 11:22:10 0 [Note] InnoDB: Initializing buffer pool, total size = 16M, instances = 1, chunk size = 16M
2024-06-20 11:22:10 0 [Note] InnoDB: Completed initialization of buffer pool
2024-06-20 11:22:10 0 [Note] InnoDB: Starting crash recovery from checkpoint LSN=300360
2024-06-20 11:22:10 0 [Note] InnoDB: 128 out of 128 rollback segments are active.
2024-06-20 11:22:10 0 [Note] InnoDB: Removed temporary tablespace data file: "ibtmp1"
2024-06-20 11:22:10 0 [Note] InnoDB: Creating shared tablespace for temporary tables
2024-06-20 11:22:10 0 [Note] InnoDB: Setting file 'C:\xampp\mysql\data\ibtmp1' size to 12 MB. Physically writing the file full; Please wait ...
2024-06-20 11:22:10 0 [Note] InnoDB: File 'C:\xampp\mysql\data\ibtmp1' size is now 12 MB.
2024-06-20 11:22:10 0 [Note] InnoDB: Waiting for purge to start
2024-06-20 11:22:10 0 [Note] InnoDB: 10.4.32 started; log sequence number 300369; transaction id 170
2024-06-20 11:22:10 0 [Note] InnoDB: Loading buffer pool(s) from C:\xampp\mysql\data\ib_buffer_pool
2024-06-20 11:22:10 0 [Note] Plugin 'FEEDBACK' is disabled.
2024-06-20 11:22:10 0 [Note] InnoDB: Buffer pool(s) load completed at 240620 11:22:10
2024-06-20 11:22:10 0 [Note] Server socket created on IP: '::'.
2024-06-20 11:50:35 0 [Note] Starting MariaDB 10.4.32-MariaDB source revision c4143f909528e3fab0677a28631d10389354c491 as process 9380
2024-06-20 11:50:35 0 [Note] InnoDB: Mutexes and rw_locks use Windows interlocked functions
2024-06-20 11:50:35 0 [Note] InnoDB: Uses event mutexes
2024-06-20 11:50:35 0 [Note] InnoDB: Compressed tables use zlib 1.3
2024-06-20 11:50:35 0 [Note] InnoDB: Number of pools: 1
2024-06-20 11:50:35 0 [Note] InnoDB: Using SSE2 crc32 instructions
2024-06-20 11:50:35 0 [Note] InnoDB: Initializing buffer pool, total size = 16M, instances = 1, chunk size = 16M
2024-06-20 11:50:35 0 [Note] InnoDB: Completed initialization of buffer pool
2024-06-20 11:50:35 0 [Note] InnoDB: Starting crash recovery from checkpoint LSN=300378
2024-06-20 11:50:35 0 [Note] InnoDB: 128 out of 128 rollback segments are active.
2024-06-20 11:50:35 0 [Note] InnoDB: Removed temporary tablespace data file: "ibtmp1"
2024-06-20 11:50:35 0 [Note] InnoDB: Creating shared tablespace for temporary tables
2024-06-20 11:50:35 0 [Note] InnoDB: Setting file 'C:\xampp\mysql\data\ibtmp1' size to 12 MB. Physically writing the file full; Please wait ...
2024-06-20 11:50:35 0 [Note] InnoDB: File 'C:\xampp\mysql\data\ibtmp1' size is now 12 MB.
2024-06-20 11:50:35 0 [Note] InnoDB: Waiting for purge to start
2024-06-20 11:50:35 0 [Note] InnoDB: 10.4.32 started; log sequence number 300387; transaction id 170
2024-06-20 11:50:35 0 [Note] InnoDB: Loading buffer pool(s) from C:\xampp\mysql\data\ib_buffer_pool
2024-06-20 11:50:35 0 [Note] Plugin 'FEEDBACK' is disabled.
2024-06-20 11:50:35 0 [Note] InnoDB: Buffer pool(s) load completed at 240620 11:50:35
2024-06-20 11:50:35 0 [Note] Server socket created on IP: '::'.
